<!DOCTYPE html PUBLIC "-//W3C//DTD XHTML 1.1//EN" "http://www.w3.org/TR/xhtml11/DTD/xhtml11.dtd">
<html xmlns="http://www.w3.org/1999/xhtml"><head><title>TestNG Report</title><style type="text/css">table {margin-bottom:10px;border-collapse:collapse;empty-cells:show}th,td {border:1px solid #009;padding:.25em .5em}th {vertical-align:bottom}td {vertical-align:top}table a {font-weight:bold}.stripe td {background-color: #E6EBF9}.num {text-align:right}.passedodd td {background-color: #3F3}.passedeven td {background-color: #0A0}.skippedodd td {background-color: #DDD}.skippedeven td {background-color: #CCC}.failedodd td,.attn {background-color: #F33}.failedeven td,.stripe .attn {background-color: #D00}.stacktrace {white-space:pre;font-family:monospace}.totop {font-size:85%;text-align:center;border-bottom:2px solid #000}</style></head><body><table><tr><th>Test</th><th># Passed</th><th># Skipped</th><th># Failed</th><th>Time (ms)</th><th>Included Groups</th><th>Excluded Groups</th></tr><tr><th colspan="7">Command line suite</th></tr><tr><td><a href="#t0">Command line test</a></td><td class="num">2</td><td class="num attn">15</td><td class="num attn">11</td><td class="num">966 721</td><td></td><td></td></tr></table><table id='summary'><thead><tr><th>Class</th><th>Method</th><th>Start</th><th>Time (ms)</th></tr></thead><tbody><tr><th colspan="4">Command line suite</th></tr></tbody><tbody id="t0"><tr><th colspan="4">Command line test &#8212; failed (configuration methods)</th></tr><tr class="failedeven"><td rowspan="1">ru.stqa.pft.statr.tests.testforms.TestFourteen</td><td><a href="#m0">setUp</a></td><td rowspan="1">1516015183693</td><td rowspan="1">4576</td></tr><tr><th colspan="4">Command line test &#8212; failed</th></tr><tr class="failedeven"><td rowspan="1">ru.stqa.pft.statr.tests.Form.TestForms</td><td><a href="#m1">testOpen</a></td><td rowspan="1">1516014242160</td><td rowspan="1">46261</td></tr><tr class="failedodd"><td rowspan="1">ru.stqa.pft.statr.tests.GenDocument.TestGenDocument</td><td><a href="#m2">testGenDocument</a></td><td rowspan="1">1516014302507</td><td rowspan="1">454145</td></tr><tr class="failedeven"><td rowspan="1">ru.stqa.pft.statr.tests.GenReports.TestGenReports</td><td><a href="#m3">testGenReports</a></td><td rowspan="1">1516014783210</td><td rowspan="1">21926</td></tr><tr class="failedodd"><td rowspan="1">ru.stqa.pft.statr.tests.Reference.TestReference</td><td><a href="#m4">testReference</a></td><td rowspan="1">1516014853269</td><td rowspan="1">44953</td></tr><tr class="failedeven"><td rowspan="1">ru.stqa.pft.statr.tests.TestCurrentSituation</td><td><a href="#m5">testCurrentSituation</a></td><td rowspan="1">1516014229761</td><td rowspan="1">3151</td></tr><tr class="failedodd"><td rowspan="1">ru.stqa.pft.statr.tests.status.TestStatus</td><td><a href="#m6">testStatus</a></td><td rowspan="1">1516015000578</td><td rowspan="1">10685</td></tr><tr class="failedeven"><td rowspan="1">ru.stqa.pft.statr.tests.testforms.TestEighteen</td><td><a href="#m7">testStatistics</a></td><td rowspan="1">1516014809706</td><td rowspan="1">38131</td></tr><tr class="failedodd"><td rowspan="1">ru.stqa.pft.statr.tests.testforms.TestEleven</td><td><a href="#m8">testStatistics</a></td><td rowspan="1">1516014904046</td><td rowspan="1">90619</td></tr><tr class="failedeven"><td rowspan="1">ru.stqa.pft.statr.tests.testforms.TestFifteen</td><td><a href="#m9">testStatistics</a></td><td rowspan="1">1516015017073</td><td rowspan="1">93250</td></tr><tr class="failedodd"><td rowspan="1">ru.stqa.pft.statr.tests.testforms.TestFive</td><td><a href="#m10">testStatistics</a></td><td rowspan="1">1516015114563</td><td rowspan="1">26511</td></tr><tr class="failedeven"><td rowspan="1">ru.stqa.pft.statr.tests.testforms.TestFour</td><td><a href="#m11">testStatistics</a></td><td rowspan="1">1516015145821</td><td rowspan="1">36908</td></tr><tr><th colspan="4">Command line test &#8212; skipped (configuration methods)</th></tr><tr class="skippedeven"><td rowspan="1">ru.stqa.pft.statr.tests.TestLogs</td><td><a href="#m12">setUp</a></td><td rowspan="1">1516015188304</td><td rowspan="1">0</td></tr><tr class="skippedodd"><td rowspan="1">ru.stqa.pft.statr.tests.TestReportGenerator</td><td><a href="#m13">setUp</a></td><td rowspan="1">1516015188304</td><td rowspan="1">0</td></tr><tr class="skippedeven"><td rowspan="1">ru.stqa.pft.statr.tests.testforms.TestNine</td><td><a href="#m14">setUp</a></td><td rowspan="1">1516015188300</td><td rowspan="1">0</td></tr><tr class="skippedodd"><td rowspan="1">ru.stqa.pft.statr.tests.testforms.TestOne</td><td><a href="#m15">setUp</a></td><td rowspan="1">1516015188300</td><td rowspan="1">0</td></tr><tr class="skippedeven"><td rowspan="1">ru.stqa.pft.statr.tests.testforms.TestSeven</td><td><a href="#m16">setUp</a></td><td rowspan="1">1516015188301</td><td rowspan="1">0</td></tr><tr class="skippedodd"><td rowspan="1">ru.stqa.pft.statr.tests.testforms.TestSix</td><td><a href="#m17">setUp</a></td><td rowspan="1">1516015188301</td><td rowspan="1">0</td></tr><tr class="skippedeven"><td rowspan="1">ru.stqa.pft.statr.tests.testforms.TestSixteen</td><td><a href="#m18">setUp</a></td><td rowspan="1">1516015188302</td><td rowspan="1">0</td></tr><tr class="skippedodd"><td rowspan="1">ru.stqa.pft.statr.tests.testforms.TestTen</td><td><a href="#m19">setUp</a></td><td rowspan="1">1516015188302</td><td rowspan="1">0</td></tr><tr class="skippedeven"><td rowspan="1">ru.stqa.pft.statr.tests.testforms.TestThirteen</td><td><a href="#m20">setUp</a></td><td rowspan="1">1516015188302</td><td rowspan="1">0</td></tr><tr class="skippedodd"><td rowspan="1">ru.stqa.pft.statr.tests.testforms.TestThree</td><td><a href="#m21">setUp</a></td><td rowspan="1">1516015188303</td><td rowspan="1">0</td></tr><tr class="skippedeven"><td rowspan="1">ru.stqa.pft.statr.tests.testforms.TestTwelve</td><td><a href="#m22">setUp</a></td><td rowspan="1">1516015188303</td><td rowspan="1">0</td></tr><tr class="skippedodd"><td rowspan="1">ru.stqa.pft.statr.tests.testforms.TestTwo</td><td><a href="#m23">setUp</a></td><td rowspan="1">1516015188303</td><td rowspan="1">0</td></tr><tr class="skippedeven"><td rowspan="1">ru.stqa.pft.statr.tests.testuser.TestUsers</td><td><a href="#m24">setUp</a></td><td rowspan="1">1516015188304</td><td rowspan="1">0</td></tr><tr class="skippedodd"><td rowspan="1">ru.stqa.pft.statr.tests.usergroup.TestUserGroup</td><td><a href="#m25">setUp</a></td><td rowspan="1">1516015188305</td><td rowspan="1">0</td></tr><tr><th colspan="4">Command line test &#8212; skipped</th></tr><tr class="skippedeven"><td rowspan="1">ru.stqa.pft.statr.tests.TestLogs</td><td><a href="#m26">testLogs</a></td><td rowspan="1">1516015188304</td><td rowspan="1">0</td></tr><tr class="skippedodd"><td rowspan="1">ru.stqa.pft.statr.tests.TestReportGenerator</td><td><a href="#m27">testReportGenerator</a></td><td rowspan="1">1516015188304</td><td rowspan="1">0</td></tr><tr class="skippedeven"><td rowspan="1">ru.stqa.pft.statr.tests.testforms.TestFourteen</td><td><a href="#m28">testStatistics</a></td><td rowspan="1">1516015188299</td><td rowspan="1">0</td></tr><tr class="skippedodd"><td rowspan="1">ru.stqa.pft.statr.tests.testforms.TestNine</td><td><a href="#m29">testStatistics</a></td><td rowspan="1">1516015188300</td><td rowspan="1">0</td></tr><tr class="skippedeven"><td rowspan="1">ru.stqa.pft.statr.tests.testforms.TestOne</td><td><a href="#m30">testStatistics</a></td><td rowspan="1">1516015188300</td><td rowspan="1">0</td></tr><tr class="skippedodd"><td rowspan="1">ru.stqa.pft.statr.tests.testforms.TestSeven</td><td><a href="#m31">testStatistics</a></td><td rowspan="1">1516015188301</td><td rowspan="1">0</td></tr><tr class="skippedeven"><td rowspan="1">ru.stqa.pft.statr.tests.testforms.TestSix</td><td><a href="#m32">testStatistics</a></td><td rowspan="1">1516015188301</td><td rowspan="1">0</td></tr><tr class="skippedodd"><td rowspan="1">ru.stqa.pft.statr.tests.testforms.TestSixteen</td><td><a href="#m33">testStatistics</a></td><td rowspan="1">1516015188302</td><td rowspan="1">0</td></tr><tr class="skippedeven"><td rowspan="1">ru.stqa.pft.statr.tests.testforms.TestTen</td><td><a href="#m34">testStatistics</a></td><td rowspan="1">1516015188302</td><td rowspan="1">0</td></tr><tr class="skippedodd"><td rowspan="1">ru.stqa.pft.statr.tests.testforms.TestThirteen</td><td><a href="#m35">testStatistics</a></td><td rowspan="1">1516015188302</td><td rowspan="1">0</td></tr><tr class="skippedeven"><td rowspan="1">ru.stqa.pft.statr.tests.testforms.TestThree</td><td><a href="#m36">testStatistics</a></td><td rowspan="1">1516015188303</td><td rowspan="1">0</td></tr><tr class="skippedodd"><td rowspan="1">ru.stqa.pft.statr.tests.testforms.TestTwelve</td><td><a href="#m37">testStatistics</a></td><td rowspan="1">1516015188303</td><td rowspan="1">0</td></tr><tr class="skippedeven"><td rowspan="1">ru.stqa.pft.statr.tests.testforms.TestTwo</td><td><a href="#m38">testStatistics</a></td><td rowspan="1">1516015188303</td><td rowspan="1">0</td></tr><tr class="skippedodd"><td rowspan="1">ru.stqa.pft.statr.tests.testuser.TestUsers</td><td><a href="#m39">testUsers</a></td><td rowspan="1">1516015188304</td><td rowspan="1">0</td></tr><tr class="skippedeven"><td rowspan="1">ru.stqa.pft.statr.tests.usergroup.TestUserGroup</td><td><a href="#m40">testUserGroup</a></td><td rowspan="1">1516015188305</td><td rowspan="1">0</td></tr><tr><th colspan="4">Command line test &#8212; passed</th></tr><tr class="passedeven"><td rowspan="1">ru.stqa.pft.statr.tests.testforms.TestDannue</td><td><a href="#m41">testDannue</a></td><td rowspan="1">1516014294145</td><td rowspan="1">2075</td></tr><tr class="passedodd"><td rowspan="1">ru.stqa.pft.statr.tests.testforms.TestEight</td><td><a href="#m42">testStatistics</a></td><td rowspan="1">1516014762691</td><td rowspan="1">15536</td></tr></tbody></table><h2>Command line test</h2><h3 id="m0">ru.stqa.pft.statr.tests.testforms.TestFourteen#setUp</h3><table class="result"><tr><th>Exception</th></tr><tr><td><div class="stacktrace">org.openqa.selenium.WebDriverException: unknown error: Element &lt;button ng-disabled=&quot;user.user.length &lt;= 0 || user.pwd.length &lt;= 0 || logining&quot; style=&quot;margin-right: 5px;&quot; type=&quot;submit&quot; id=&quot;btn-login&quot; href=&quot;#&quot; class=&quot;btn btn-success pull-right&quot;&gt;...&lt;/button&gt; is not clickable at point (1346, 266). Other element would receive the click: &lt;form id=&quot;loginform&quot; class=&quot;form-horizontal ng-valid ng-dirty ng-valid-parse&quot; role=&quot;form&quot; ng-submit=&quot;submit()&quot;&gt;...&lt;/form&gt;
  (Session info: chrome=57.0.2987.98)
  (Driver info: chromedriver=2.28.455520 (cc17746adff54984afff480136733114c6b3704b),platform=Windows NT 6.1.7601 SP1 x86_64) (WARNING: The server did not provide any stacktrace information)
Command duration or timeout: 87 milliseconds
Build info: version: &apos;3.4.0&apos;, revision: &apos;unknown&apos;, time: &apos;unknown&apos;
System info: host: &apos;ARTUR-PETIN&apos;, ip: &apos;192.168.5.182&apos;, os.name: &apos;Windows 7&apos;, os.arch: &apos;amd64&apos;, os.version: &apos;6.1&apos;, java.version: &apos;1.8.0_101&apos;
Driver info: org.openqa.selenium.chrome.ChromeDriver
Capabilities [{applicationCacheEnabled=false, rotatable=false, mobileEmulationEnabled=false, networkConnectionEnabled=false, chrome={chromedriverVersion=2.28.455520 (cc17746adff54984afff480136733114c6b3704b), userDataDir=C:\Users\ARTUR~1.PET\AppData\Local\Temp\scoped_dir4684_30166}, takesHeapSnapshot=true, pageLoadStrategy=normal, databaseEnabled=false, handlesAlerts=true, hasTouchScreen=false, version=57.0.2987.98, platform=XP, browserConnectionEnabled=false, nativeEvents=true, acceptSslCerts=true, locationContextEnabled=true, webStorageEnabled=true, browserName=chrome, takesScreenshot=true, javascriptEnabled=true, cssSelectorsEnabled=true, unexpectedAlertBehaviour=}]
Session ID: 1a33e46b6acb2e286bbe87b3c13aae5a
	at org.openqa.selenium.remote.ErrorHandler.createThrowable(ErrorHandler.java:215)
	at org.openqa.selenium.remote.ErrorHandler.throwIfResponseFailed(ErrorHandler.java:167)
	at org.openqa.selenium.remote.RemoteWebDriver.execute(RemoteWebDriver.java:671)
	at org.openqa.selenium.remote.RemoteWebElement.execute(RemoteWebElement.java:272)
	at org.openqa.selenium.remote.RemoteWebElement.click(RemoteWebElement.java:82)
	at ru.stqa.pft.statr.appmanager.ApplicationManager.login(ApplicationManager.java:96)
	at ru.stqa.pft.statr.appmanager.ApplicationManager.init(ApplicationManager.java:85)
	at ru.stqa.pft.statr.tests.TestBase.setUp(TestBase.java:18)
... Removed 41 stack frames</div></td></tr></table><p class="totop"><a href="#summary">back to summary</a></p><h3 id="m1">ru.stqa.pft.statr.tests.Form.TestForms#testOpen</h3><table class="result"><tr><th>Exception</th></tr><tr><td><div class="stacktrace">java.lang.NullPointerException
	at ru.stqa.pft.statr.appmanager.ApplicationManager.goToFormPage(ApplicationManager.java:136)
	at ru.stqa.pft.statr.tests.Form.TestForms.testOpen(TestForms.java:11)
... Removed 35 stack frames</div></td></tr></table><p class="totop"><a href="#summary">back to summary</a></p><h3 id="m2">ru.stqa.pft.statr.tests.GenDocument.TestGenDocument#testGenDocument</h3><table class="result"><tr><th>Exception</th></tr><tr><td><div class="stacktrace">java.lang.NullPointerException
	at ru.stqa.pft.statr.appmanager.ApplicationManager.goToGenDocument(ApplicationManager.java:144)
	at ru.stqa.pft.statr.tests.GenDocument.TestGenDocument.testGenDocument(TestGenDocument.java:13)
... Removed 35 stack frames</div></td></tr></table><p class="totop"><a href="#summary">back to summary</a></p><h3 id="m3">ru.stqa.pft.statr.tests.GenReports.TestGenReports#testGenReports</h3><table class="result"><tr><th>Exception</th></tr><tr><td><div class="stacktrace">java.lang.NullPointerException
	at ru.stqa.pft.statr.appmanager.ApplicationManager.goToGenReports(ApplicationManager.java:667)
	at ru.stqa.pft.statr.tests.GenReports.TestGenReports.testGenReports(TestGenReports.java:9)
... Removed 35 stack frames</div></td></tr></table><p class="totop"><a href="#summary">back to summary</a></p><h3 id="m4">ru.stqa.pft.statr.tests.Reference.TestReference#testReference</h3><table class="result"><tr><th>Exception</th></tr><tr><td><div class="stacktrace">java.lang.NullPointerException
	at ru.stqa.pft.statr.appmanager.ApplicationManager.goToReference(ApplicationManager.java:121)
	at ru.stqa.pft.statr.tests.Reference.TestReference.testReference(TestReference.java:12)
... Removed 35 stack frames</div></td></tr></table><p class="totop"><a href="#summary">back to summary</a></p><h3 id="m5">ru.stqa.pft.statr.tests.TestCurrentSituation#testCurrentSituation</h3><table class="result"><tr><th>Exception</th></tr><tr><td><div class="stacktrace">java.lang.AssertionError: expected [true] but found [false]
	at ru.stqa.pft.statr.appmanager.ApplicationManager.vereficryCurrentSituatuin(ApplicationManager.java:109)
	at ru.stqa.pft.statr.tests.TestCurrentSituation.testCurrentSituation(TestCurrentSituation.java:13)
... Removed 39 stack frames</div></td></tr></table><p class="totop"><a href="#summary">back to summary</a></p><h3 id="m6">ru.stqa.pft.statr.tests.status.TestStatus#testStatus</h3><table class="result"><tr><th>Exception</th></tr><tr><td><div class="stacktrace">java.lang.NullPointerException
	at ru.stqa.pft.statr.appmanager.ApplicationManager.goToStatus(ApplicationManager.java:118)
	at ru.stqa.pft.statr.tests.status.TestStatus.testStatus(TestStatus.java:13)
... Removed 35 stack frames</div></td></tr></table><p class="totop"><a href="#summary">back to summary</a></p><h3 id="m7">ru.stqa.pft.statr.tests.testforms.TestEighteen#testStatistics</h3><table class="result"><tr><th>Exception</th></tr><tr><td><div class="stacktrace">java.lang.NullPointerException
	at ru.stqa.pft.statr.appmanager.ApplicationManager.proverka280(ApplicationManager.java:476)
	at ru.stqa.pft.statr.tests.testforms.TestEighteen.testStatistics(TestEighteen.java:14)
... Removed 35 stack frames</div></td></tr></table><p class="totop"><a href="#summary">back to summary</a></p><h3 id="m8">ru.stqa.pft.statr.tests.testforms.TestEleven#testStatistics</h3><table class="result"><tr><th>Exception</th></tr><tr><td><div class="stacktrace">java.lang.NullPointerException
	at ru.stqa.pft.statr.appmanager.ApplicationManager.proverka244(ApplicationManager.java:356)
	at ru.stqa.pft.statr.tests.testforms.TestEleven.testStatistics(TestEleven.java:14)
... Removed 35 stack frames</div></td></tr></table><p class="totop"><a href="#summary">back to summary</a></p><h3 id="m9">ru.stqa.pft.statr.tests.testforms.TestFifteen#testStatistics</h3><table class="result"><tr><th>Exception</th></tr><tr><td><div class="stacktrace">java.lang.NullPointerException
	at ru.stqa.pft.statr.appmanager.ApplicationManager.proverka251(ApplicationManager.java:428)
	at ru.stqa.pft.statr.tests.testforms.TestFifteen.testStatistics(TestFifteen.java:14)
... Removed 35 stack frames</div></td></tr></table><p class="totop"><a href="#summary">back to summary</a></p><h3 id="m10">ru.stqa.pft.statr.tests.testforms.TestFive#testStatistics</h3><table class="result"><tr><th>Exception</th></tr><tr><td><div class="stacktrace">java.lang.NullPointerException
	at ru.stqa.pft.statr.appmanager.ApplicationManager.proverka070(ApplicationManager.java:260)
	at ru.stqa.pft.statr.tests.testforms.TestFive.testStatistics(TestFive.java:14)
... Removed 35 stack frames</div></td></tr></table><p class="totop"><a href="#summary">back to summary</a></p><h3 id="m11">ru.stqa.pft.statr.tests.testforms.TestFour#testStatistics</h3><table class="result"><tr><th>Exception</th></tr><tr><td><div class="stacktrace">java.lang.NullPointerException
	at ru.stqa.pft.statr.appmanager.ApplicationManager.proverka064(ApplicationManager.java:244)
	at ru.stqa.pft.statr.tests.testforms.TestFour.testStatistics(TestFour.java:14)
... Removed 35 stack frames</div></td></tr></table><p class="totop"><a href="#summary">back to summary</a></p><h3 id="m12">ru.stqa.pft.statr.tests.TestLogs#setUp</h3><table class="result"></table><p class="totop"><a href="#summary">back to summary</a></p><h3 id="m13">ru.stqa.pft.statr.tests.TestReportGenerator#setUp</h3><table class="result"></table><p class="totop"><a href="#summary">back to summary</a></p><h3 id="m14">ru.stqa.pft.statr.tests.testforms.TestNine#setUp</h3><table class="result"></table><p class="totop"><a href="#summary">back to summary</a></p><h3 id="m15">ru.stqa.pft.statr.tests.testforms.TestOne#setUp</h3><table class="result"></table><p class="totop"><a href="#summary">back to summary</a></p><h3 id="m16">ru.stqa.pft.statr.tests.testforms.TestSeven#setUp</h3><table class="result"></table><p class="totop"><a href="#summary">back to summary</a></p><h3 id="m17">ru.stqa.pft.statr.tests.testforms.TestSix#setUp</h3><table class="result"></table><p class="totop"><a href="#summary">back to summary</a></p><h3 id="m18">ru.stqa.pft.statr.tests.testforms.TestSixteen#setUp</h3><table class="result"></table><p class="totop"><a href="#summary">back to summary</a></p><h3 id="m19">ru.stqa.pft.statr.tests.testforms.TestTen#setUp</h3><table class="result"></table><p class="totop"><a href="#summary">back to summary</a></p><h3 id="m20">ru.stqa.pft.statr.tests.testforms.TestThirteen#setUp</h3><table class="result"></table><p class="totop"><a href="#summary">back to summary</a></p><h3 id="m21">ru.stqa.pft.statr.tests.testforms.TestThree#setUp</h3><table class="result"></table><p class="totop"><a href="#summary">back to summary</a></p><h3 id="m22">ru.stqa.pft.statr.tests.testforms.TestTwelve#setUp</h3><table class="result"></table><p class="totop"><a href="#summary">back to summary</a></p><h3 id="m23">ru.stqa.pft.statr.tests.testforms.TestTwo#setUp</h3><table class="result"></table><p class="totop"><a href="#summary">back to summary</a></p><h3 id="m24">ru.stqa.pft.statr.tests.testuser.TestUsers#setUp</h3><table class="result"></table><p class="totop"><a href="#summary">back to summary</a></p><h3 id="m25">ru.stqa.pft.statr.tests.usergroup.TestUserGroup#setUp</h3><table class="result"></table><p class="totop"><a href="#summary">back to summary</a></p><h3 id="m26">ru.stqa.pft.statr.tests.TestLogs#testLogs</h3><table class="result"><tr><th>Exception</th></tr><tr><td><div class="stacktrace">org.openqa.selenium.WebDriverException: unknown error: Element &lt;button ng-disabled=&quot;user.user.length &lt;= 0 || user.pwd.length &lt;= 0 || logining&quot; style=&quot;margin-right: 5px;&quot; type=&quot;submit&quot; id=&quot;btn-login&quot; href=&quot;#&quot; class=&quot;btn btn-success pull-right&quot;&gt;...&lt;/button&gt; is not clickable at point (1346, 266). Other element would receive the click: &lt;form id=&quot;loginform&quot; class=&quot;form-horizontal ng-valid ng-dirty ng-valid-parse&quot; role=&quot;form&quot; ng-submit=&quot;submit()&quot;&gt;...&lt;/form&gt;
  (Session info: chrome=57.0.2987.98)
  (Driver info: chromedriver=2.28.455520 (cc17746adff54984afff480136733114c6b3704b),platform=Windows NT 6.1.7601 SP1 x86_64) (WARNING: The server did not provide any stacktrace information)
Command duration or timeout: 87 milliseconds
Build info: version: &apos;3.4.0&apos;, revision: &apos;unknown&apos;, time: &apos;unknown&apos;
System info: host: &apos;ARTUR-PETIN&apos;, ip: &apos;192.168.5.182&apos;, os.name: &apos;Windows 7&apos;, os.arch: &apos;amd64&apos;, os.version: &apos;6.1&apos;, java.version: &apos;1.8.0_101&apos;
Driver info: org.openqa.selenium.chrome.ChromeDriver
Capabilities [{applicationCacheEnabled=false, rotatable=false, mobileEmulationEnabled=false, networkConnectionEnabled=false, chrome={chromedriverVersion=2.28.455520 (cc17746adff54984afff480136733114c6b3704b), userDataDir=C:\Users\ARTUR~1.PET\AppData\Local\Temp\scoped_dir4684_30166}, takesHeapSnapshot=true, pageLoadStrategy=normal, databaseEnabled=false, handlesAlerts=true, hasTouchScreen=false, version=57.0.2987.98, platform=XP, browserConnectionEnabled=false, nativeEvents=true, acceptSslCerts=true, locationContextEnabled=true, webStorageEnabled=true, browserName=chrome, takesScreenshot=true, javascriptEnabled=true, cssSelectorsEnabled=true, unexpectedAlertBehaviour=}]
Session ID: 1a33e46b6acb2e286bbe87b3c13aae5a
	at org.openqa.selenium.remote.ErrorHandler.createThrowable(ErrorHandler.java:215)
	at org.openqa.selenium.remote.ErrorHandler.throwIfResponseFailed(ErrorHandler.java:167)
	at org.openqa.selenium.remote.RemoteWebDriver.execute(RemoteWebDriver.java:671)
	at org.openqa.selenium.remote.RemoteWebElement.execute(RemoteWebElement.java:272)
	at org.openqa.selenium.remote.RemoteWebElement.click(RemoteWebElement.java:82)
	at ru.stqa.pft.statr.appmanager.ApplicationManager.login(ApplicationManager.java:96)
	at ru.stqa.pft.statr.appmanager.ApplicationManager.init(ApplicationManager.java:85)
	at ru.stqa.pft.statr.tests.TestBase.setUp(TestBase.java:18)
... Removed 41 stack frames</div></td></tr></table><p class="totop"><a href="#summary">back to summary</a></p><h3 id="m27">ru.stqa.pft.statr.tests.TestReportGenerator#testReportGenerator</h3><table class="result"><tr><th>Exception</th></tr><tr><td><div class="stacktrace">org.openqa.selenium.WebDriverException: unknown error: Element &lt;button ng-disabled=&quot;user.user.length &lt;= 0 || user.pwd.length &lt;= 0 || logining&quot; style=&quot;margin-right: 5px;&quot; type=&quot;submit&quot; id=&quot;btn-login&quot; href=&quot;#&quot; class=&quot;btn btn-success pull-right&quot;&gt;...&lt;/button&gt; is not clickable at point (1346, 266). Other element would receive the click: &lt;form id=&quot;loginform&quot; class=&quot;form-horizontal ng-valid ng-dirty ng-valid-parse&quot; role=&quot;form&quot; ng-submit=&quot;submit()&quot;&gt;...&lt;/form&gt;
  (Session info: chrome=57.0.2987.98)
  (Driver info: chromedriver=2.28.455520 (cc17746adff54984afff480136733114c6b3704b),platform=Windows NT 6.1.7601 SP1 x86_64) (WARNING: The server did not provide any stacktrace information)
Command duration or timeout: 87 milliseconds
Build info: version: &apos;3.4.0&apos;, revision: &apos;unknown&apos;, time: &apos;unknown&apos;
System info: host: &apos;ARTUR-PETIN&apos;, ip: &apos;192.168.5.182&apos;, os.name: &apos;Windows 7&apos;, os.arch: &apos;amd64&apos;, os.version: &apos;6.1&apos;, java.version: &apos;1.8.0_101&apos;
Driver info: org.openqa.selenium.chrome.ChromeDriver
Capabilities [{applicationCacheEnabled=false, rotatable=false, mobileEmulationEnabled=false, networkConnectionEnabled=false, chrome={chromedriverVersion=2.28.455520 (cc17746adff54984afff480136733114c6b3704b), userDataDir=C:\Users\ARTUR~1.PET\AppData\Local\Temp\scoped_dir4684_30166}, takesHeapSnapshot=true, pageLoadStrategy=normal, databaseEnabled=false, handlesAlerts=true, hasTouchScreen=false, version=57.0.2987.98, platform=XP, browserConnectionEnabled=false, nativeEvents=true, acceptSslCerts=true, locationContextEnabled=true, webStorageEnabled=true, browserName=chrome, takesScreenshot=true, javascriptEnabled=true, cssSelectorsEnabled=true, unexpectedAlertBehaviour=}]
Session ID: 1a33e46b6acb2e286bbe87b3c13aae5a
	at org.openqa.selenium.remote.ErrorHandler.createThrowable(ErrorHandler.java:215)
	at org.openqa.selenium.remote.ErrorHandler.throwIfResponseFailed(ErrorHandler.java:167)
	at org.openqa.selenium.remote.RemoteWebDriver.execute(RemoteWebDriver.java:671)
	at org.openqa.selenium.remote.RemoteWebElement.execute(RemoteWebElement.java:272)
	at org.openqa.selenium.remote.RemoteWebElement.click(RemoteWebElement.java:82)
	at ru.stqa.pft.statr.appmanager.ApplicationManager.login(ApplicationManager.java:96)
	at ru.stqa.pft.statr.appmanager.ApplicationManager.init(ApplicationManager.java:85)
	at ru.stqa.pft.statr.tests.TestBase.setUp(TestBase.java:18)
... Removed 41 stack frames</div></td></tr></table><p class="totop"><a href="#summary">back to summary</a></p><h3 id="m28">ru.stqa.pft.statr.tests.testforms.TestFourteen#testStatistics</h3><table class="result"><tr><th>Exception</th></tr><tr><td><div class="stacktrace">org.openqa.selenium.WebDriverException: unknown error: Element &lt;button ng-disabled=&quot;user.user.length &lt;= 0 || user.pwd.length &lt;= 0 || logining&quot; style=&quot;margin-right: 5px;&quot; type=&quot;submit&quot; id=&quot;btn-login&quot; href=&quot;#&quot; class=&quot;btn btn-success pull-right&quot;&gt;...&lt;/button&gt; is not clickable at point (1346, 266). Other element would receive the click: &lt;form id=&quot;loginform&quot; class=&quot;form-horizontal ng-valid ng-dirty ng-valid-parse&quot; role=&quot;form&quot; ng-submit=&quot;submit()&quot;&gt;...&lt;/form&gt;
  (Session info: chrome=57.0.2987.98)
  (Driver info: chromedriver=2.28.455520 (cc17746adff54984afff480136733114c6b3704b),platform=Windows NT 6.1.7601 SP1 x86_64) (WARNING: The server did not provide any stacktrace information)
Command duration or timeout: 87 milliseconds
Build info: version: &apos;3.4.0&apos;, revision: &apos;unknown&apos;, time: &apos;unknown&apos;
System info: host: &apos;ARTUR-PETIN&apos;, ip: &apos;192.168.5.182&apos;, os.name: &apos;Windows 7&apos;, os.arch: &apos;amd64&apos;, os.version: &apos;6.1&apos;, java.version: &apos;1.8.0_101&apos;
Driver info: org.openqa.selenium.chrome.ChromeDriver
Capabilities [{applicationCacheEnabled=false, rotatable=false, mobileEmulationEnabled=false, networkConnectionEnabled=false, chrome={chromedriverVersion=2.28.455520 (cc17746adff54984afff480136733114c6b3704b), userDataDir=C:\Users\ARTUR~1.PET\AppData\Local\Temp\scoped_dir4684_30166}, takesHeapSnapshot=true, pageLoadStrategy=normal, databaseEnabled=false, handlesAlerts=true, hasTouchScreen=false, version=57.0.2987.98, platform=XP, browserConnectionEnabled=false, nativeEvents=true, acceptSslCerts=true, locationContextEnabled=true, webStorageEnabled=true, browserName=chrome, takesScreenshot=true, javascriptEnabled=true, cssSelectorsEnabled=true, unexpectedAlertBehaviour=}]
Session ID: 1a33e46b6acb2e286bbe87b3c13aae5a
	at org.openqa.selenium.remote.ErrorHandler.createThrowable(ErrorHandler.java:215)
	at org.openqa.selenium.remote.ErrorHandler.throwIfResponseFailed(ErrorHandler.java:167)
	at org.openqa.selenium.remote.RemoteWebDriver.execute(RemoteWebDriver.java:671)
	at org.openqa.selenium.remote.RemoteWebElement.execute(RemoteWebElement.java:272)
	at org.openqa.selenium.remote.RemoteWebElement.click(RemoteWebElement.java:82)
	at ru.stqa.pft.statr.appmanager.ApplicationManager.login(ApplicationManager.java:96)
	at ru.stqa.pft.statr.appmanager.ApplicationManager.init(ApplicationManager.java:85)
	at ru.stqa.pft.statr.tests.TestBase.setUp(TestBase.java:18)
... Removed 41 stack frames</div></td></tr></table><p class="totop"><a href="#summary">back to summary</a></p><h3 id="m29">ru.stqa.pft.statr.tests.testforms.TestNine#testStatistics</h3><table class="result"><tr><th>Exception</th></tr><tr><td><div class="stacktrace">org.openqa.selenium.WebDriverException: unknown error: Element &lt;button ng-disabled=&quot;user.user.length &lt;= 0 || user.pwd.length &lt;= 0 || logining&quot; style=&quot;margin-right: 5px;&quot; type=&quot;submit&quot; id=&quot;btn-login&quot; href=&quot;#&quot; class=&quot;btn btn-success pull-right&quot;&gt;...&lt;/button&gt; is not clickable at point (1346, 266). Other element would receive the click: &lt;form id=&quot;loginform&quot; class=&quot;form-horizontal ng-valid ng-dirty ng-valid-parse&quot; role=&quot;form&quot; ng-submit=&quot;submit()&quot;&gt;...&lt;/form&gt;
  (Session info: chrome=57.0.2987.98)
  (Driver info: chromedriver=2.28.455520 (cc17746adff54984afff480136733114c6b3704b),platform=Windows NT 6.1.7601 SP1 x86_64) (WARNING: The server did not provide any stacktrace information)
Command duration or timeout: 87 milliseconds
Build info: version: &apos;3.4.0&apos;, revision: &apos;unknown&apos;, time: &apos;unknown&apos;
System info: host: &apos;ARTUR-PETIN&apos;, ip: &apos;192.168.5.182&apos;, os.name: &apos;Windows 7&apos;, os.arch: &apos;amd64&apos;, os.version: &apos;6.1&apos;, java.version: &apos;1.8.0_101&apos;
Driver info: org.openqa.selenium.chrome.ChromeDriver
Capabilities [{applicationCacheEnabled=false, rotatable=false, mobileEmulationEnabled=false, networkConnectionEnabled=false, chrome={chromedriverVersion=2.28.455520 (cc17746adff54984afff480136733114c6b3704b), userDataDir=C:\Users\ARTUR~1.PET\AppData\Local\Temp\scoped_dir4684_30166}, takesHeapSnapshot=true, pageLoadStrategy=normal, databaseEnabled=false, handlesAlerts=true, hasTouchScreen=false, version=57.0.2987.98, platform=XP, browserConnectionEnabled=false, nativeEvents=true, acceptSslCerts=true, locationContextEnabled=true, webStorageEnabled=true, browserName=chrome, takesScreenshot=true, javascriptEnabled=true, cssSelectorsEnabled=true, unexpectedAlertBehaviour=}]
Session ID: 1a33e46b6acb2e286bbe87b3c13aae5a
	at org.openqa.selenium.remote.ErrorHandler.createThrowable(ErrorHandler.java:215)
	at org.openqa.selenium.remote.ErrorHandler.throwIfResponseFailed(ErrorHandler.java:167)
	at org.openqa.selenium.remote.RemoteWebDriver.execute(RemoteWebDriver.java:671)
	at org.openqa.selenium.remote.RemoteWebElement.execute(RemoteWebElement.java:272)
	at org.openqa.selenium.remote.RemoteWebElement.click(RemoteWebElement.java:82)
	at ru.stqa.pft.statr.appmanager.ApplicationManager.login(ApplicationManager.java:96)
	at ru.stqa.pft.statr.appmanager.ApplicationManager.init(ApplicationManager.java:85)
	at ru.stqa.pft.statr.tests.TestBase.setUp(TestBase.java:18)
... Removed 41 stack frames</div></td></tr></table><p class="totop"><a href="#summary">back to summary</a></p><h3 id="m30">ru.stqa.pft.statr.tests.testforms.TestOne#testStatistics</h3><table class="result"><tr><th>Exception</th></tr><tr><td><div class="stacktrace">org.openqa.selenium.WebDriverException: unknown error: Element &lt;button ng-disabled=&quot;user.user.length &lt;= 0 || user.pwd.length &lt;= 0 || logining&quot; style=&quot;margin-right: 5px;&quot; type=&quot;submit&quot; id=&quot;btn-login&quot; href=&quot;#&quot; class=&quot;btn btn-success pull-right&quot;&gt;...&lt;/button&gt; is not clickable at point (1346, 266). Other element would receive the click: &lt;form id=&quot;loginform&quot; class=&quot;form-horizontal ng-valid ng-dirty ng-valid-parse&quot; role=&quot;form&quot; ng-submit=&quot;submit()&quot;&gt;...&lt;/form&gt;
  (Session info: chrome=57.0.2987.98)
  (Driver info: chromedriver=2.28.455520 (cc17746adff54984afff480136733114c6b3704b),platform=Windows NT 6.1.7601 SP1 x86_64) (WARNING: The server did not provide any stacktrace information)
Command duration or timeout: 87 milliseconds
Build info: version: &apos;3.4.0&apos;, revision: &apos;unknown&apos;, time: &apos;unknown&apos;
System info: host: &apos;ARTUR-PETIN&apos;, ip: &apos;192.168.5.182&apos;, os.name: &apos;Windows 7&apos;, os.arch: &apos;amd64&apos;, os.version: &apos;6.1&apos;, java.version: &apos;1.8.0_101&apos;
Driver info: org.openqa.selenium.chrome.ChromeDriver
Capabilities [{applicationCacheEnabled=false, rotatable=false, mobileEmulationEnabled=false, networkConnectionEnabled=false, chrome={chromedriverVersion=2.28.455520 (cc17746adff54984afff480136733114c6b3704b), userDataDir=C:\Users\ARTUR~1.PET\AppData\Local\Temp\scoped_dir4684_30166}, takesHeapSnapshot=true, pageLoadStrategy=normal, databaseEnabled=false, handlesAlerts=true, hasTouchScreen=false, version=57.0.2987.98, platform=XP, browserConnectionEnabled=false, nativeEvents=true, acceptSslCerts=true, locationContextEnabled=true, webStorageEnabled=true, browserName=chrome, takesScreenshot=true, javascriptEnabled=true, cssSelectorsEnabled=true, unexpectedAlertBehaviour=}]
Session ID: 1a33e46b6acb2e286bbe87b3c13aae5a
	at org.openqa.selenium.remote.ErrorHandler.createThrowable(ErrorHandler.java:215)
	at org.openqa.selenium.remote.ErrorHandler.throwIfResponseFailed(ErrorHandler.java:167)
	at org.openqa.selenium.remote.RemoteWebDriver.execute(RemoteWebDriver.java:671)
	at org.openqa.selenium.remote.RemoteWebElement.execute(RemoteWebElement.java:272)
	at org.openqa.selenium.remote.RemoteWebElement.click(RemoteWebElement.java:82)
	at ru.stqa.pft.statr.appmanager.ApplicationManager.login(ApplicationManager.java:96)
	at ru.stqa.pft.statr.appmanager.ApplicationManager.init(ApplicationManager.java:85)
	at ru.stqa.pft.statr.tests.TestBase.setUp(TestBase.java:18)
... Removed 41 stack frames</div></td></tr></table><p class="totop"><a href="#summary">back to summary</a></p><h3 id="m31">ru.stqa.pft.statr.tests.testforms.TestSeven#testStatistics</h3><table class="result"><tr><th>Exception</th></tr><tr><td><div class="stacktrace">org.openqa.selenium.WebDriverException: unknown error: Element &lt;button ng-disabled=&quot;user.user.length &lt;= 0 || user.pwd.length &lt;= 0 || logining&quot; style=&quot;margin-right: 5px;&quot; type=&quot;submit&quot; id=&quot;btn-login&quot; href=&quot;#&quot; class=&quot;btn btn-success pull-right&quot;&gt;...&lt;/button&gt; is not clickable at point (1346, 266). Other element would receive the click: &lt;form id=&quot;loginform&quot; class=&quot;form-horizontal ng-valid ng-dirty ng-valid-parse&quot; role=&quot;form&quot; ng-submit=&quot;submit()&quot;&gt;...&lt;/form&gt;
  (Session info: chrome=57.0.2987.98)
  (Driver info: chromedriver=2.28.455520 (cc17746adff54984afff480136733114c6b3704b),platform=Windows NT 6.1.7601 SP1 x86_64) (WARNING: The server did not provide any stacktrace information)
Command duration or timeout: 87 milliseconds
Build info: version: &apos;3.4.0&apos;, revision: &apos;unknown&apos;, time: &apos;unknown&apos;
System info: host: &apos;ARTUR-PETIN&apos;, ip: &apos;192.168.5.182&apos;, os.name: &apos;Windows 7&apos;, os.arch: &apos;amd64&apos;, os.version: &apos;6.1&apos;, java.version: &apos;1.8.0_101&apos;
Driver info: org.openqa.selenium.chrome.ChromeDriver
Capabilities [{applicationCacheEnabled=false, rotatable=false, mobileEmulationEnabled=false, networkConnectionEnabled=false, chrome={chromedriverVersion=2.28.455520 (cc17746adff54984afff480136733114c6b3704b), userDataDir=C:\Users\ARTUR~1.PET\AppData\Local\Temp\scoped_dir4684_30166}, takesHeapSnapshot=true, pageLoadStrategy=normal, databaseEnabled=false, handlesAlerts=true, hasTouchScreen=false, version=57.0.2987.98, platform=XP, browserConnectionEnabled=false, nativeEvents=true, acceptSslCerts=true, locationContextEnabled=true, webStorageEnabled=true, browserName=chrome, takesScreenshot=true, javascriptEnabled=true, cssSelectorsEnabled=true, unexpectedAlertBehaviour=}]
Session ID: 1a33e46b6acb2e286bbe87b3c13aae5a
	at org.openqa.selenium.remote.ErrorHandler.createThrowable(ErrorHandler.java:215)
	at org.openqa.selenium.remote.ErrorHandler.throwIfResponseFailed(ErrorHandler.java:167)
	at org.openqa.selenium.remote.RemoteWebDriver.execute(RemoteWebDriver.java:671)
	at org.openqa.selenium.remote.RemoteWebElement.execute(RemoteWebElement.java:272)
	at org.openqa.selenium.remote.RemoteWebElement.click(RemoteWebElement.java:82)
	at ru.stqa.pft.statr.appmanager.ApplicationManager.login(ApplicationManager.java:96)
	at ru.stqa.pft.statr.appmanager.ApplicationManager.init(ApplicationManager.java:85)
	at ru.stqa.pft.statr.tests.TestBase.setUp(TestBase.java:18)
... Removed 41 stack frames</div></td></tr></table><p class="totop"><a href="#summary">back to summary</a></p><h3 id="m32">ru.stqa.pft.statr.tests.testforms.TestSix#testStatistics</h3><table class="result"><tr><th>Exception</th></tr><tr><td><div class="stacktrace">org.openqa.selenium.WebDriverException: unknown error: Element &lt;button ng-disabled=&quot;user.user.length &lt;= 0 || user.pwd.length &lt;= 0 || logining&quot; style=&quot;margin-right: 5px;&quot; type=&quot;submit&quot; id=&quot;btn-login&quot; href=&quot;#&quot; class=&quot;btn btn-success pull-right&quot;&gt;...&lt;/button&gt; is not clickable at point (1346, 266). Other element would receive the click: &lt;form id=&quot;loginform&quot; class=&quot;form-horizontal ng-valid ng-dirty ng-valid-parse&quot; role=&quot;form&quot; ng-submit=&quot;submit()&quot;&gt;...&lt;/form&gt;
  (Session info: chrome=57.0.2987.98)
  (Driver info: chromedriver=2.28.455520 (cc17746adff54984afff480136733114c6b3704b),platform=Windows NT 6.1.7601 SP1 x86_64) (WARNING: The server did not provide any stacktrace information)
Command duration or timeout: 87 milliseconds
Build info: version: &apos;3.4.0&apos;, revision: &apos;unknown&apos;, time: &apos;unknown&apos;
System info: host: &apos;ARTUR-PETIN&apos;, ip: &apos;192.168.5.182&apos;, os.name: &apos;Windows 7&apos;, os.arch: &apos;amd64&apos;, os.version: &apos;6.1&apos;, java.version: &apos;1.8.0_101&apos;
Driver info: org.openqa.selenium.chrome.ChromeDriver
Capabilities [{applicationCacheEnabled=false, rotatable=false, mobileEmulationEnabled=false, networkConnectionEnabled=false, chrome={chromedriverVersion=2.28.455520 (cc17746adff54984afff480136733114c6b3704b), userDataDir=C:\Users\ARTUR~1.PET\AppData\Local\Temp\scoped_dir4684_30166}, takesHeapSnapshot=true, pageLoadStrategy=normal, databaseEnabled=false, handlesAlerts=true, hasTouchScreen=false, version=57.0.2987.98, platform=XP, browserConnectionEnabled=false, nativeEvents=true, acceptSslCerts=true, locationContextEnabled=true, webStorageEnabled=true, browserName=chrome, takesScreenshot=true, javascriptEnabled=true, cssSelectorsEnabled=true, unexpectedAlertBehaviour=}]
Session ID: 1a33e46b6acb2e286bbe87b3c13aae5a
	at org.openqa.selenium.remote.ErrorHandler.createThrowable(ErrorHandler.java:215)
	at org.openqa.selenium.remote.ErrorHandler.throwIfResponseFailed(ErrorHandler.java:167)
	at org.openqa.selenium.remote.RemoteWebDriver.execute(RemoteWebDriver.java:671)
	at org.openqa.selenium.remote.RemoteWebElement.execute(RemoteWebElement.java:272)
	at org.openqa.selenium.remote.RemoteWebElement.click(RemoteWebElement.java:82)
	at ru.stqa.pft.statr.appmanager.ApplicationManager.login(ApplicationManager.java:96)
	at ru.stqa.pft.statr.appmanager.ApplicationManager.init(ApplicationManager.java:85)
	at ru.stqa.pft.statr.tests.TestBase.setUp(TestBase.java:18)
... Removed 41 stack frames</div></td></tr></table><p class="totop"><a href="#summary">back to summary</a></p><h3 id="m33">ru.stqa.pft.statr.tests.testforms.TestSixteen#testStatistics</h3><table class="result"><tr><th>Exception</th></tr><tr><td><div class="stacktrace">org.openqa.selenium.WebDriverException: unknown error: Element &lt;button ng-disabled=&quot;user.user.length &lt;= 0 || user.pwd.length &lt;= 0 || logining&quot; style=&quot;margin-right: 5px;&quot; type=&quot;submit&quot; id=&quot;btn-login&quot; href=&quot;#&quot; class=&quot;btn btn-success pull-right&quot;&gt;...&lt;/button&gt; is not clickable at point (1346, 266). Other element would receive the click: &lt;form id=&quot;loginform&quot; class=&quot;form-horizontal ng-valid ng-dirty ng-valid-parse&quot; role=&quot;form&quot; ng-submit=&quot;submit()&quot;&gt;...&lt;/form&gt;
  (Session info: chrome=57.0.2987.98)
  (Driver info: chromedriver=2.28.455520 (cc17746adff54984afff480136733114c6b3704b),platform=Windows NT 6.1.7601 SP1 x86_64) (WARNING: The server did not provide any stacktrace information)
Command duration or timeout: 87 milliseconds
Build info: version: &apos;3.4.0&apos;, revision: &apos;unknown&apos;, time: &apos;unknown&apos;
System info: host: &apos;ARTUR-PETIN&apos;, ip: &apos;192.168.5.182&apos;, os.name: &apos;Windows 7&apos;, os.arch: &apos;amd64&apos;, os.version: &apos;6.1&apos;, java.version: &apos;1.8.0_101&apos;
Driver info: org.openqa.selenium.chrome.ChromeDriver
Capabilities [{applicationCacheEnabled=false, rotatable=false, mobileEmulationEnabled=false, networkConnectionEnabled=false, chrome={chromedriverVersion=2.28.455520 (cc17746adff54984afff480136733114c6b3704b), userDataDir=C:\Users\ARTUR~1.PET\AppData\Local\Temp\scoped_dir4684_30166}, takesHeapSnapshot=true, pageLoadStrategy=normal, databaseEnabled=false, handlesAlerts=true, hasTouchScreen=false, version=57.0.2987.98, platform=XP, browserConnectionEnabled=false, nativeEvents=true, acceptSslCerts=true, locationContextEnabled=true, webStorageEnabled=true, browserName=chrome, takesScreenshot=true, javascriptEnabled=true, cssSelectorsEnabled=true, unexpectedAlertBehaviour=}]
Session ID: 1a33e46b6acb2e286bbe87b3c13aae5a
	at org.openqa.selenium.remote.ErrorHandler.createThrowable(ErrorHandler.java:215)
	at org.openqa.selenium.remote.ErrorHandler.throwIfResponseFailed(ErrorHandler.java:167)
	at org.openqa.selenium.remote.RemoteWebDriver.execute(RemoteWebDriver.java:671)
	at org.openqa.selenium.remote.RemoteWebElement.execute(RemoteWebElement.java:272)
	at org.openqa.selenium.remote.RemoteWebElement.click(RemoteWebElement.java:82)
	at ru.stqa.pft.statr.appmanager.ApplicationManager.login(ApplicationManager.java:96)
	at ru.stqa.pft.statr.appmanager.ApplicationManager.init(ApplicationManager.java:85)
	at ru.stqa.pft.statr.tests.TestBase.setUp(TestBase.java:18)
... Removed 41 stack frames</div></td></tr></table><p class="totop"><a href="#summary">back to summary</a></p><h3 id="m34">ru.stqa.pft.statr.tests.testforms.TestTen#testStatistics</h3><table class="result"><tr><th>Exception</th></tr><tr><td><div class="stacktrace">org.openqa.selenium.WebDriverException: unknown error: Element &lt;button ng-disabled=&quot;user.user.length &lt;= 0 || user.pwd.length &lt;= 0 || logining&quot; style=&quot;margin-right: 5px;&quot; type=&quot;submit&quot; id=&quot;btn-login&quot; href=&quot;#&quot; class=&quot;btn btn-success pull-right&quot;&gt;...&lt;/button&gt; is not clickable at point (1346, 266). Other element would receive the click: &lt;form id=&quot;loginform&quot; class=&quot;form-horizontal ng-valid ng-dirty ng-valid-parse&quot; role=&quot;form&quot; ng-submit=&quot;submit()&quot;&gt;...&lt;/form&gt;
  (Session info: chrome=57.0.2987.98)
  (Driver info: chromedriver=2.28.455520 (cc17746adff54984afff480136733114c6b3704b),platform=Windows NT 6.1.7601 SP1 x86_64) (WARNING: The server did not provide any stacktrace information)
Command duration or timeout: 87 milliseconds
Build info: version: &apos;3.4.0&apos;, revision: &apos;unknown&apos;, time: &apos;unknown&apos;
System info: host: &apos;ARTUR-PETIN&apos;, ip: &apos;192.168.5.182&apos;, os.name: &apos;Windows 7&apos;, os.arch: &apos;amd64&apos;, os.version: &apos;6.1&apos;, java.version: &apos;1.8.0_101&apos;
Driver info: org.openqa.selenium.chrome.ChromeDriver
Capabilities [{applicationCacheEnabled=false, rotatable=false, mobileEmulationEnabled=false, networkConnectionEnabled=false, chrome={chromedriverVersion=2.28.455520 (cc17746adff54984afff480136733114c6b3704b), userDataDir=C:\Users\ARTUR~1.PET\AppData\Local\Temp\scoped_dir4684_30166}, takesHeapSnapshot=true, pageLoadStrategy=normal, databaseEnabled=false, handlesAlerts=true, hasTouchScreen=false, version=57.0.2987.98, platform=XP, browserConnectionEnabled=false, nativeEvents=true, acceptSslCerts=true, locationContextEnabled=true, webStorageEnabled=true, browserName=chrome, takesScreenshot=true, javascriptEnabled=true, cssSelectorsEnabled=true, unexpectedAlertBehaviour=}]
Session ID: 1a33e46b6acb2e286bbe87b3c13aae5a
	at org.openqa.selenium.remote.ErrorHandler.createThrowable(ErrorHandler.java:215)
	at org.openqa.selenium.remote.ErrorHandler.throwIfResponseFailed(ErrorHandler.java:167)
	at org.openqa.selenium.remote.RemoteWebDriver.execute(RemoteWebDriver.java:671)
	at org.openqa.selenium.remote.RemoteWebElement.execute(RemoteWebElement.java:272)
	at org.openqa.selenium.remote.RemoteWebElement.click(RemoteWebElement.java:82)
	at ru.stqa.pft.statr.appmanager.ApplicationManager.login(ApplicationManager.java:96)
	at ru.stqa.pft.statr.appmanager.ApplicationManager.init(ApplicationManager.java:85)
	at ru.stqa.pft.statr.tests.TestBase.setUp(TestBase.java:18)
... Removed 41 stack frames</div></td></tr></table><p class="totop"><a href="#summary">back to summary</a></p><h3 id="m35">ru.stqa.pft.statr.tests.testforms.TestThirteen#testStatistics</h3><table class="result"><tr><th>Exception</th></tr><tr><td><div class="stacktrace">org.openqa.selenium.WebDriverException: unknown error: Element &lt;button ng-disabled=&quot;user.user.length &lt;= 0 || user.pwd.length &lt;= 0 || logining&quot; style=&quot;margin-right: 5px;&quot; type=&quot;submit&quot; id=&quot;btn-login&quot; href=&quot;#&quot; class=&quot;btn btn-success pull-right&quot;&gt;...&lt;/button&gt; is not clickable at point (1346, 266). Other element would receive the click: &lt;form id=&quot;loginform&quot; class=&quot;form-horizontal ng-valid ng-dirty ng-valid-parse&quot; role=&quot;form&quot; ng-submit=&quot;submit()&quot;&gt;...&lt;/form&gt;
  (Session info: chrome=57.0.2987.98)
  (Driver info: chromedriver=2.28.455520 (cc17746adff54984afff480136733114c6b3704b),platform=Windows NT 6.1.7601 SP1 x86_64) (WARNING: The server did not provide any stacktrace information)
Command duration or timeout: 87 milliseconds
Build info: version: &apos;3.4.0&apos;, revision: &apos;unknown&apos;, time: &apos;unknown&apos;
System info: host: &apos;ARTUR-PETIN&apos;, ip: &apos;192.168.5.182&apos;, os.name: &apos;Windows 7&apos;, os.arch: &apos;amd64&apos;, os.version: &apos;6.1&apos;, java.version: &apos;1.8.0_101&apos;
Driver info: org.openqa.selenium.chrome.ChromeDriver
Capabilities [{applicationCacheEnabled=false, rotatable=false, mobileEmulationEnabled=false, networkConnectionEnabled=false, chrome={chromedriverVersion=2.28.455520 (cc17746adff54984afff480136733114c6b3704b), userDataDir=C:\Users\ARTUR~1.PET\AppData\Local\Temp\scoped_dir4684_30166}, takesHeapSnapshot=true, pageLoadStrategy=normal, databaseEnabled=false, handlesAlerts=true, hasTouchScreen=false, version=57.0.2987.98, platform=XP, browserConnectionEnabled=false, nativeEvents=true, acceptSslCerts=true, locationContextEnabled=true, webStorageEnabled=true, browserName=chrome, takesScreenshot=true, javascriptEnabled=true, cssSelectorsEnabled=true, unexpectedAlertBehaviour=}]
Session ID: 1a33e46b6acb2e286bbe87b3c13aae5a
	at org.openqa.selenium.remote.ErrorHandler.createThrowable(ErrorHandler.java:215)
	at org.openqa.selenium.remote.ErrorHandler.throwIfResponseFailed(ErrorHandler.java:167)
	at org.openqa.selenium.remote.RemoteWebDriver.execute(RemoteWebDriver.java:671)
	at org.openqa.selenium.remote.RemoteWebElement.execute(RemoteWebElement.java:272)
	at org.openqa.selenium.remote.RemoteWebElement.click(RemoteWebElement.java:82)
	at ru.stqa.pft.statr.appmanager.ApplicationManager.login(ApplicationManager.java:96)
	at ru.stqa.pft.statr.appmanager.ApplicationManager.init(ApplicationManager.java:85)
	at ru.stqa.pft.statr.tests.TestBase.setUp(TestBase.java:18)
... Removed 41 stack frames</div></td></tr></table><p class="totop"><a href="#summary">back to summary</a></p><h3 id="m36">ru.stqa.pft.statr.tests.testforms.TestThree#testStatistics</h3><table class="result"><tr><th>Exception</th></tr><tr><td><div class="stacktrace">org.openqa.selenium.WebDriverException: unknown error: Element &lt;button ng-disabled=&quot;user.user.length &lt;= 0 || user.pwd.length &lt;= 0 || logining&quot; style=&quot;margin-right: 5px;&quot; type=&quot;submit&quot; id=&quot;btn-login&quot; href=&quot;#&quot; class=&quot;btn btn-success pull-right&quot;&gt;...&lt;/button&gt; is not clickable at point (1346, 266). Other element would receive the click: &lt;form id=&quot;loginform&quot; class=&quot;form-horizontal ng-valid ng-dirty ng-valid-parse&quot; role=&quot;form&quot; ng-submit=&quot;submit()&quot;&gt;...&lt;/form&gt;
  (Session info: chrome=57.0.2987.98)
  (Driver info: chromedriver=2.28.455520 (cc17746adff54984afff480136733114c6b3704b),platform=Windows NT 6.1.7601 SP1 x86_64) (WARNING: The server did not provide any stacktrace information)
Command duration or timeout: 87 milliseconds
Build info: version: &apos;3.4.0&apos;, revision: &apos;unknown&apos;, time: &apos;unknown&apos;
System info: host: &apos;ARTUR-PETIN&apos;, ip: &apos;192.168.5.182&apos;, os.name: &apos;Windows 7&apos;, os.arch: &apos;amd64&apos;, os.version: &apos;6.1&apos;, java.version: &apos;1.8.0_101&apos;
Driver info: org.openqa.selenium.chrome.ChromeDriver
Capabilities [{applicationCacheEnabled=false, rotatable=false, mobileEmulationEnabled=false, networkConnectionEnabled=false, chrome={chromedriverVersion=2.28.455520 (cc17746adff54984afff480136733114c6b3704b), userDataDir=C:\Users\ARTUR~1.PET\AppData\Local\Temp\scoped_dir4684_30166}, takesHeapSnapshot=true, pageLoadStrategy=normal, databaseEnabled=false, handlesAlerts=true, hasTouchScreen=false, version=57.0.2987.98, platform=XP, browserConnectionEnabled=false, nativeEvents=true, acceptSslCerts=true, locationContextEnabled=true, webStorageEnabled=true, browserName=chrome, takesScreenshot=true, javascriptEnabled=true, cssSelectorsEnabled=true, unexpectedAlertBehaviour=}]
Session ID: 1a33e46b6acb2e286bbe87b3c13aae5a
	at org.openqa.selenium.remote.ErrorHandler.createThrowable(ErrorHandler.java:215)
	at org.openqa.selenium.remote.ErrorHandler.throwIfResponseFailed(ErrorHandler.java:167)
	at org.openqa.selenium.remote.RemoteWebDriver.execute(RemoteWebDriver.java:671)
	at org.openqa.selenium.remote.RemoteWebElement.execute(RemoteWebElement.java:272)
	at org.openqa.selenium.remote.RemoteWebElement.click(RemoteWebElement.java:82)
	at ru.stqa.pft.statr.appmanager.ApplicationManager.login(ApplicationManager.java:96)
	at ru.stqa.pft.statr.appmanager.ApplicationManager.init(ApplicationManager.java:85)
	at ru.stqa.pft.statr.tests.TestBase.setUp(TestBase.java:18)
... Removed 41 stack frames</div></td></tr></table><p class="totop"><a href="#summary">back to summary</a></p><h3 id="m37">ru.stqa.pft.statr.tests.testforms.TestTwelve#testStatistics</h3><table class="result"><tr><th>Exception</th></tr><tr><td><div class="stacktrace">org.openqa.selenium.WebDriverException: unknown error: Element &lt;button ng-disabled=&quot;user.user.length &lt;= 0 || user.pwd.length &lt;= 0 || logining&quot; style=&quot;margin-right: 5px;&quot; type=&quot;submit&quot; id=&quot;btn-login&quot; href=&quot;#&quot; class=&quot;btn btn-success pull-right&quot;&gt;...&lt;/button&gt; is not clickable at point (1346, 266). Other element would receive the click: &lt;form id=&quot;loginform&quot; class=&quot;form-horizontal ng-valid ng-dirty ng-valid-parse&quot; role=&quot;form&quot; ng-submit=&quot;submit()&quot;&gt;...&lt;/form&gt;
  (Session info: chrome=57.0.2987.98)
  (Driver info: chromedriver=2.28.455520 (cc17746adff54984afff480136733114c6b3704b),platform=Windows NT 6.1.7601 SP1 x86_64) (WARNING: The server did not provide any stacktrace information)
Command duration or timeout: 87 milliseconds
Build info: version: &apos;3.4.0&apos;, revision: &apos;unknown&apos;, time: &apos;unknown&apos;
System info: host: &apos;ARTUR-PETIN&apos;, ip: &apos;192.168.5.182&apos;, os.name: &apos;Windows 7&apos;, os.arch: &apos;amd64&apos;, os.version: &apos;6.1&apos;, java.version: &apos;1.8.0_101&apos;
Driver info: org.openqa.selenium.chrome.ChromeDriver
Capabilities [{applicationCacheEnabled=false, rotatable=false, mobileEmulationEnabled=false, networkConnectionEnabled=false, chrome={chromedriverVersion=2.28.455520 (cc17746adff54984afff480136733114c6b3704b), userDataDir=C:\Users\ARTUR~1.PET\AppData\Local\Temp\scoped_dir4684_30166}, takesHeapSnapshot=true, pageLoadStrategy=normal, databaseEnabled=false, handlesAlerts=true, hasTouchScreen=false, version=57.0.2987.98, platform=XP, browserConnectionEnabled=false, nativeEvents=true, acceptSslCerts=true, locationContextEnabled=true, webStorageEnabled=true, browserName=chrome, takesScreenshot=true, javascriptEnabled=true, cssSelectorsEnabled=true, unexpectedAlertBehaviour=}]
Session ID: 1a33e46b6acb2e286bbe87b3c13aae5a
	at org.openqa.selenium.remote.ErrorHandler.createThrowable(ErrorHandler.java:215)
	at org.openqa.selenium.remote.ErrorHandler.throwIfResponseFailed(ErrorHandler.java:167)
	at org.openqa.selenium.remote.RemoteWebDriver.execute(RemoteWebDriver.java:671)
	at org.openqa.selenium.remote.RemoteWebElement.execute(RemoteWebElement.java:272)
	at org.openqa.selenium.remote.RemoteWebElement.click(RemoteWebElement.java:82)
	at ru.stqa.pft.statr.appmanager.ApplicationManager.login(ApplicationManager.java:96)
	at ru.stqa.pft.statr.appmanager.ApplicationManager.init(ApplicationManager.java:85)
	at ru.stqa.pft.statr.tests.TestBase.setUp(TestBase.java:18)
... Removed 41 stack frames</div></td></tr></table><p class="totop"><a href="#summary">back to summary</a></p><h3 id="m38">ru.stqa.pft.statr.tests.testforms.TestTwo#testStatistics</h3><table class="result"><tr><th>Exception</th></tr><tr><td><div class="stacktrace">org.openqa.selenium.WebDriverException: unknown error: Element &lt;button ng-disabled=&quot;user.user.length &lt;= 0 || user.pwd.length &lt;= 0 || logining&quot; style=&quot;margin-right: 5px;&quot; type=&quot;submit&quot; id=&quot;btn-login&quot; href=&quot;#&quot; class=&quot;btn btn-success pull-right&quot;&gt;...&lt;/button&gt; is not clickable at point (1346, 266). Other element would receive the click: &lt;form id=&quot;loginform&quot; class=&quot;form-horizontal ng-valid ng-dirty ng-valid-parse&quot; role=&quot;form&quot; ng-submit=&quot;submit()&quot;&gt;...&lt;/form&gt;
  (Session info: chrome=57.0.2987.98)
  (Driver info: chromedriver=2.28.455520 (cc17746adff54984afff480136733114c6b3704b),platform=Windows NT 6.1.7601 SP1 x86_64) (WARNING: The server did not provide any stacktrace information)
Command duration or timeout: 87 milliseconds
Build info: version: &apos;3.4.0&apos;, revision: &apos;unknown&apos;, time: &apos;unknown&apos;
System info: host: &apos;ARTUR-PETIN&apos;, ip: &apos;192.168.5.182&apos;, os.name: &apos;Windows 7&apos;, os.arch: &apos;amd64&apos;, os.version: &apos;6.1&apos;, java.version: &apos;1.8.0_101&apos;
Driver info: org.openqa.selenium.chrome.ChromeDriver
Capabilities [{applicationCacheEnabled=false, rotatable=false, mobileEmulationEnabled=false, networkConnectionEnabled=false, chrome={chromedriverVersion=2.28.455520 (cc17746adff54984afff480136733114c6b3704b), userDataDir=C:\Users\ARTUR~1.PET\AppData\Local\Temp\scoped_dir4684_30166}, takesHeapSnapshot=true, pageLoadStrategy=normal, databaseEnabled=false, handlesAlerts=true, hasTouchScreen=false, version=57.0.2987.98, platform=XP, browserConnectionEnabled=false, nativeEvents=true, acceptSslCerts=true, locationContextEnabled=true, webStorageEnabled=true, browserName=chrome, takesScreenshot=true, javascriptEnabled=true, cssSelectorsEnabled=true, unexpectedAlertBehaviour=}]
Session ID: 1a33e46b6acb2e286bbe87b3c13aae5a
	at org.openqa.selenium.remote.ErrorHandler.createThrowable(ErrorHandler.java:215)
	at org.openqa.selenium.remote.ErrorHandler.throwIfResponseFailed(ErrorHandler.java:167)
	at org.openqa.selenium.remote.RemoteWebDriver.execute(RemoteWebDriver.java:671)
	at org.openqa.selenium.remote.RemoteWebElement.execute(RemoteWebElement.java:272)
	at org.openqa.selenium.remote.RemoteWebElement.click(RemoteWebElement.java:82)
	at ru.stqa.pft.statr.appmanager.ApplicationManager.login(ApplicationManager.java:96)
	at ru.stqa.pft.statr.appmanager.ApplicationManager.init(ApplicationManager.java:85)
	at ru.stqa.pft.statr.tests.TestBase.setUp(TestBase.java:18)
... Removed 41 stack frames</div></td></tr></table><p class="totop"><a href="#summary">back to summary</a></p><h3 id="m39">ru.stqa.pft.statr.tests.testuser.TestUsers#testUsers</h3><table class="result"><tr><th>Exception</th></tr><tr><td><div class="stacktrace">org.openqa.selenium.WebDriverException: unknown error: Element &lt;button ng-disabled=&quot;user.user.length &lt;= 0 || user.pwd.length &lt;= 0 || logining&quot; style=&quot;margin-right: 5px;&quot; type=&quot;submit&quot; id=&quot;btn-login&quot; href=&quot;#&quot; class=&quot;btn btn-success pull-right&quot;&gt;...&lt;/button&gt; is not clickable at point (1346, 266). Other element would receive the click: &lt;form id=&quot;loginform&quot; class=&quot;form-horizontal ng-valid ng-dirty ng-valid-parse&quot; role=&quot;form&quot; ng-submit=&quot;submit()&quot;&gt;...&lt;/form&gt;
  (Session info: chrome=57.0.2987.98)
  (Driver info: chromedriver=2.28.455520 (cc17746adff54984afff480136733114c6b3704b),platform=Windows NT 6.1.7601 SP1 x86_64) (WARNING: The server did not provide any stacktrace information)
Command duration or timeout: 87 milliseconds
Build info: version: &apos;3.4.0&apos;, revision: &apos;unknown&apos;, time: &apos;unknown&apos;
System info: host: &apos;ARTUR-PETIN&apos;, ip: &apos;192.168.5.182&apos;, os.name: &apos;Windows 7&apos;, os.arch: &apos;amd64&apos;, os.version: &apos;6.1&apos;, java.version: &apos;1.8.0_101&apos;
Driver info: org.openqa.selenium.chrome.ChromeDriver
Capabilities [{applicationCacheEnabled=false, rotatable=false, mobileEmulationEnabled=false, networkConnectionEnabled=false, chrome={chromedriverVersion=2.28.455520 (cc17746adff54984afff480136733114c6b3704b), userDataDir=C:\Users\ARTUR~1.PET\AppData\Local\Temp\scoped_dir4684_30166}, takesHeapSnapshot=true, pageLoadStrategy=normal, databaseEnabled=false, handlesAlerts=true, hasTouchScreen=false, version=57.0.2987.98, platform=XP, browserConnectionEnabled=false, nativeEvents=true, acceptSslCerts=true, locationContextEnabled=true, webStorageEnabled=true, browserName=chrome, takesScreenshot=true, javascriptEnabled=true, cssSelectorsEnabled=true, unexpectedAlertBehaviour=}]
Session ID: 1a33e46b6acb2e286bbe87b3c13aae5a
	at org.openqa.selenium.remote.ErrorHandler.createThrowable(ErrorHandler.java:215)
	at org.openqa.selenium.remote.ErrorHandler.throwIfResponseFailed(ErrorHandler.java:167)
	at org.openqa.selenium.remote.RemoteWebDriver.execute(RemoteWebDriver.java:671)
	at org.openqa.selenium.remote.RemoteWebElement.execute(RemoteWebElement.java:272)
	at org.openqa.selenium.remote.RemoteWebElement.click(RemoteWebElement.java:82)
	at ru.stqa.pft.statr.appmanager.ApplicationManager.login(ApplicationManager.java:96)
	at ru.stqa.pft.statr.appmanager.ApplicationManager.init(ApplicationManager.java:85)
	at ru.stqa.pft.statr.tests.TestBase.setUp(TestBase.java:18)
... Removed 41 stack frames</div></td></tr></table><p class="totop"><a href="#summary">back to summary</a></p><h3 id="m40">ru.stqa.pft.statr.tests.usergroup.TestUserGroup#testUserGroup</h3><table class="result"><tr><th>Exception</th></tr><tr><td><div class="stacktrace">org.openqa.selenium.WebDriverException: unknown error: Element &lt;button ng-disabled=&quot;user.user.length &lt;= 0 || user.pwd.length &lt;= 0 || logining&quot; style=&quot;margin-right: 5px;&quot; type=&quot;submit&quot; id=&quot;btn-login&quot; href=&quot;#&quot; class=&quot;btn btn-success pull-right&quot;&gt;...&lt;/button&gt; is not clickable at point (1346, 266). Other element would receive the click: &lt;form id=&quot;loginform&quot; class=&quot;form-horizontal ng-valid ng-dirty ng-valid-parse&quot; role=&quot;form&quot; ng-submit=&quot;submit()&quot;&gt;...&lt;/form&gt;
  (Session info: chrome=57.0.2987.98)
  (Driver info: chromedriver=2.28.455520 (cc17746adff54984afff480136733114c6b3704b),platform=Windows NT 6.1.7601 SP1 x86_64) (WARNING: The server did not provide any stacktrace information)
Command duration or timeout: 87 milliseconds
Build info: version: &apos;3.4.0&apos;, revision: &apos;unknown&apos;, time: &apos;unknown&apos;
System info: host: &apos;ARTUR-PETIN&apos;, ip: &apos;192.168.5.182&apos;, os.name: &apos;Windows 7&apos;, os.arch: &apos;amd64&apos;, os.version: &apos;6.1&apos;, java.version: &apos;1.8.0_101&apos;
Driver info: org.openqa.selenium.chrome.ChromeDriver
Capabilities [{applicationCacheEnabled=false, rotatable=false, mobileEmulationEnabled=false, networkConnectionEnabled=false, chrome={chromedriverVersion=2.28.455520 (cc17746adff54984afff480136733114c6b3704b), userDataDir=C:\Users\ARTUR~1.PET\AppData\Local\Temp\scoped_dir4684_30166}, takesHeapSnapshot=true, pageLoadStrategy=normal, databaseEnabled=false, handlesAlerts=true, hasTouchScreen=false, version=57.0.2987.98, platform=XP, browserConnectionEnabled=false, nativeEvents=true, acceptSslCerts=true, locationContextEnabled=true, webStorageEnabled=true, browserName=chrome, takesScreenshot=true, javascriptEnabled=true, cssSelectorsEnabled=true, unexpectedAlertBehaviour=}]
Session ID: 1a33e46b6acb2e286bbe87b3c13aae5a
	at org.openqa.selenium.remote.ErrorHandler.createThrowable(ErrorHandler.java:215)
	at org.openqa.selenium.remote.ErrorHandler.throwIfResponseFailed(ErrorHandler.java:167)
	at org.openqa.selenium.remote.RemoteWebDriver.execute(RemoteWebDriver.java:671)
	at org.openqa.selenium.remote.RemoteWebElement.execute(RemoteWebElement.java:272)
	at org.openqa.selenium.remote.RemoteWebElement.click(RemoteWebElement.java:82)
	at ru.stqa.pft.statr.appmanager.ApplicationManager.login(ApplicationManager.java:96)
	at ru.stqa.pft.statr.appmanager.ApplicationManager.init(ApplicationManager.java:85)
	at ru.stqa.pft.statr.tests.TestBase.setUp(TestBase.java:18)
... Removed 41 stack frames</div></td></tr></table><p class="totop"><a href="#summary">back to summary</a></p><h3 id="m41">ru.stqa.pft.statr.tests.testforms.TestDannue#testDannue</h3><table class="result"></table><p class="totop"><a href="#summary">back to summary</a></p><h3 id="m42">ru.stqa.pft.statr.tests.testforms.TestEight#testStatistics</h3><table class="result"></table><p class="totop"><a href="#summary">back to summary</a></p></body></html>